<?xml version="1.0" encoding="UTF-8"?>
<testsuite name="MarsRovers.domain.DirectionTest" tests="4" skipped="0" failures="0" errors="0" timestamp="2020-07-29T18:27:44" hostname="artstic.local" time="0.012">
  <properties/>
  <testcase name="testDirectionForInvalidOrder()" classname="MarsRovers.domain.DirectionTest" time="0.002"/>
  <testcase name="testDirectionForValidCharacter()" classname="MarsRovers.domain.DirectionTest" time="0.002"/>
  <testcase name="testDirectionForInvalidCharacter()" classname="MarsRovers.domain.DirectionTest" time="0.002"/>
  <testcase name="testDirectionForValidOrder()" classname="MarsRovers.domain.DirectionTest" time="0.0"/>
  <system-out><![CDATA[]]></system-out>
  <system-err><![CDATA[]]></system-err>
</testsuite>
